# JRE version: Java(TM) SE Runtime Environment (8.0_73-b02) (build 1.8.0_73-b02)
# Java VM: Java HotSpot(TM) 64-Bit Server VM (25.73-b02 mixed mode windows-amd64 compressed oops)
Heap:
 PSYoungGen      total 150528K, used 66729K [0x00000000eb200000, 0x00000000f8280000, 0x0000000100000000)
  eden space 140288K, 40% used [0x00000000eb200000,0x00000000ee92b308,0x00000000f3b00000)
  from space 10240K, 99% used [0x00000000f3b00000,0x00000000f44ff1b0,0x00000000f4500000)
  to   space 14336K, 0% used [0x00000000f7480000,0x00000000f7480000,0x00000000f8280000)
 ParOldGen       total 50688K, used 21292K [0x00000000c1600000, 0x00000000c4780000, 0x00000000eb200000)
  object space 50688K, 42% used [0x00000000c1600000,0x00000000c2acb208,0x00000000c4780000)
 Metaspace       used 53883K, capacity 56460K, committed 56624K, reserved 1097728K
  class space    used 7266K, capacity 7695K, committed 7728K, reserved 1048576K
GC Heap History (10 events):
Event: 5.098 GC heap before
{Heap before GC invocations=9 (full 1):
 PSYoungGen      total 72192K, used 69158K [0x00000000eb200000, 0x00000000f2780000, 0x0000000100000000)
  eden space 64512K, 100% used [0x00000000eb200000,0x00000000ef100000,0x00000000ef100000)
  from space 7680K, 60% used [0x00000000ef100000,0x00000000ef589a68,0x00000000ef880000)
  to   space 7168K, 0% used [0x00000000f2080000,0x00000000f2080000,0x00000000f2780000)
 ParOldGen       total 33792K, used 7563K [0x00000000c1600000, 0x00000000c3700000, 0x00000000eb200000)
  object space 33792K, 22% used [0x00000000c1600000,0x00000000c1d62e38,0x00000000c3700000)
 Metaspace       used 24549K, capacity 25510K, committed 25648K, reserved 1071104K
  class space    used 3139K, capacity 3344K, committed 3376K, reserved 1048576K
Event: 5.118 GC heap after
Heap after GC invocations=9 (full 1):
 PSYoungGen      total 111616K, used 7099K [0x00000000eb200000, 0x00000000f2800000, 0x0000000100000000)
  eden space 104448K, 0% used [0x00000000eb200000,0x00000000eb200000,0x00000000f1800000)
  from space 7168K, 99% used [0x00000000f2080000,0x00000000f276ee18,0x00000000f2780000)
  to   space 8192K, 0% used [0x00000000f1800000,0x00000000f1800000,0x00000000f2000000)
 ParOldGen       total 33792K, used 7571K [0x00000000c1600000, 0x00000000c3700000, 0x00000000eb200000)
  object space 33792K, 22% used [0x00000000c1600000,0x00000000c1d64e38,0x00000000c3700000)
 Metaspace       used 24549K, capacity 25510K, committed 25648K, reserved 1071104K
  class space    used 3139K, capacity 3344K, committed 3376K, reserved 1048576K
}
Event: 7.902 GC heap before
{Heap before GC invocations=10 (full 1):
 PSYoungGen      total 111616K, used 111547K [0x00000000eb200000, 0x00000000f2800000, 0x0000000100000000)
  eden space 104448K, 100% used [0x00000000eb200000,0x00000000f1800000,0x00000000f1800000)
  from space 7168K, 99% used [0x00000000f2080000,0x00000000f276ee18,0x00000000f2780000)
  to   space 8192K, 0% used [0x00000000f1800000,0x00000000f1800000,0x00000000f2000000)
 ParOldGen       total 33792K, used 7571K [0x00000000c1600000, 0x00000000c3700000, 0x00000000eb200000)
  object space 33792K, 22% used [0x00000000c1600000,0x00000000c1d64e38,0x00000000c3700000)
 Metaspace       used 31173K, capacity 32882K, committed 33072K, reserved 1077248K
  class space    used 4024K, capacity 4326K, committed 4400K, reserved 1048576K
Event: 7.917 GC heap after
Heap after GC invocations=10 (full 1):
 PSYoungGen      total 112640K, used 8169K [0x00000000eb200000, 0x00000000f4f00000, 0x0000000100000000)
  eden space 104448K, 0% used [0x00000000eb200000,0x00000000eb200000,0x00000000f1800000)
  from space 8192K, 99% used [0x00000000f1800000,0x00000000f1ffa6f0,0x00000000f2000000)
  to   space 10240K, 0% used [0x00000000f4500000,0x00000000f4500000,0x00000000f4f00000)
 ParOldGen       total 33792K, used 10323K [0x00000000c1600000, 0x00000000c3700000, 0x00000000eb200000)
  object space 33792K, 30% used [0x00000000c1600000,0x00000000c2014d70,0x00000000c3700000)
 Metaspace       used 31173K, capacity 32882K, committed 33072K, reserved 1077248K
  class space    used 4024K, capacity 4326K, committed 4400K, reserved 1048576K
}
Event: 8.593 GC heap before
{Heap before GC invocations=11 (full 1):
 PSYoungGen      total 112640K, used 29016K [0x00000000eb200000, 0x00000000f4f00000, 0x0000000100000000)
  eden space 104448K, 19% used [0x00000000eb200000,0x00000000ec65b928,0x00000000f1800000)
  from space 8192K, 99% used [0x00000000f1800000,0x00000000f1ffa6f0,0x00000000f2000000)
  to   space 10240K, 0% used [0x00000000f4500000,0x00000000f4500000,0x00000000f4f00000)
 ParOldGen       total 33792K, used 10323K [0x00000000c1600000, 0x00000000c3700000, 0x00000000eb200000)
  object space 33792K, 30% used [0x00000000c1600000,0x00000000c2014d70,0x00000000c3700000)
 Metaspace       used 33600K, capacity 35322K, committed 35496K, reserved 1081344K
  class space    used 4295K, capacity 4600K, committed 4656K, reserved 1048576K
Event: 8.620 GC heap after
Heap after GC invocations=11 (full 1):
 PSYoungGen      total 150528K, used 7057K [0x00000000eb200000, 0x00000000f5280000, 0x0000000100000000)
  eden space 140288K, 0% used [0x00000000eb200000,0x00000000eb200000,0x00000000f3b00000)
  from space 10240K, 68% used [0x00000000f4500000,0x00000000f4be4538,0x00000000f4f00000)
  to   space 10240K, 0% used [0x00000000f3b00000,0x00000000f3b00000,0x00000000f4500000)
 ParOldGen       total 33792K, used 13345K [0x00000000c1600000, 0x00000000c3700000, 0x00000000eb200000)
  object space 33792K, 39% used [0x00000000c1600000,0x00000000c2308470,0x00000000c3700000)
 Metaspace       used 33600K, capacity 35322K, committed 35496K, reserved 1081344K
  class space    used 4295K, capacity 4600K, committed 4656K, reserved 1048576K
}
Event: 8.620 GC heap before
{Heap before GC invocations=12 (full 2):
 PSYoungGen      total 150528K, used 7057K [0x00000000eb200000, 0x00000000f5280000, 0x0000000100000000)
  eden space 140288K, 0% used [0x00000000eb200000,0x00000000eb200000,0x00000000f3b00000)
  from space 10240K, 68% used [0x00000000f4500000,0x00000000f4be4538,0x00000000f4f00000)
  to   space 10240K, 0% used [0x00000000f3b00000,0x00000000f3b00000,0x00000000f4500000)
 ParOldGen       total 33792K, used 13345K [0x00000000c1600000, 0x00000000c3700000, 0x00000000eb200000)
  object space 33792K, 39% used [0x00000000c1600000,0x00000000c2308470,0x00000000c3700000)
 Metaspace       used 33600K, capacity 35322K, committed 35496K, reserved 1081344K
  class space    used 4295K, capacity 4600K, committed 4656K, reserved 1048576K
Event: 8.732 GC heap after
Heap after GC invocations=12 (full 2):
 PSYoungGen      total 150528K, used 0K [0x00000000eb200000, 0x00000000f5280000, 0x0000000100000000)
  eden space 140288K, 0% used [0x00000000eb200000,0x00000000eb200000,0x00000000f3b00000)
  from space 10240K, 0% used [0x00000000f4500000,0x00000000f4500000,0x00000000f4f00000)
  to   space 10240K, 0% used [0x00000000f3b00000,0x00000000f3b00000,0x00000000f4500000)
 ParOldGen       total 50688K, used 14153K [0x00000000c1600000, 0x00000000c4780000, 0x00000000eb200000)
  object space 50688K, 27% used [0x00000000c1600000,0x00000000c23d2610,0x00000000c4780000)
 Metaspace       used 33600K, capacity 35322K, committed 35496K, reserved 1081344K
  class space    used 4295K, capacity 4600K, committed 4656K, reserved 1048576K
}
Event: 15.272 GC heap before
{Heap before GC invocations=13 (full 2):
 PSYoungGen      total 150528K, used 140288K [0x00000000eb200000, 0x00000000f5280000, 0x0000000100000000)
  eden space 140288K, 100% used [0x00000000eb200000,0x00000000f3b00000,0x00000000f3b00000)
  from space 10240K, 0% used [0x00000000f4500000,0x00000000f4500000,0x00000000f4f00000)
  to   space 10240K, 0% used [0x00000000f3b00000,0x00000000f3b00000,0x00000000f4500000)
 ParOldGen       total 50688K, used 14153K [0x00000000c1600000, 0x00000000c4780000, 0x00000000eb200000)
  object space 50688K, 27% used [0x00000000c1600000,0x00000000c23d2610,0x00000000c4780000)
 Metaspace       used 49801K, capacity 51752K, committed 52144K, reserved 1093632K
  class space    used 6725K, capacity 7075K, committed 7088K, reserved 1048576K
Event: 15.304 GC heap after
Heap after GC invocations=13 (full 2):
 PSYoungGen      total 150528K, used 10236K [0x00000000eb200000, 0x00000000f8280000, 0x0000000100000000)
  eden space 140288K, 0% used [0x00000000eb200000,0x00000000eb200000,0x00000000f3b00000)
  from space 10240K, 99% used [0x00000000f3b00000,0x00000000f44ff1b0,0x00000000f4500000)
  to   space 14336K, 0% used [0x00000000f7480000,0x00000000f7480000,0x00000000f8280000)
 ParOldGen       total 50688K, used 21292K [0x00000000c1600000, 0x00000000c4780000, 0x00000000eb200000)
  object space 50688K, 42% used [0x00000000c1600000,0x00000000c2acb208,0x00000000c4780000)
 Metaspace       used 49801K, capacity 51752K, committed 52144K, reserved 1093632K
  class space    used 6725K, capacity 7075K, committed 7088K, reserved 1048576K
}

